1000000.0
2000000.0
2024-04-04 12:17:37,449 subsystems 0/36 INFO :: Building subproblem matrices 1/576 (~0%) Elapsed: 0s, Remaining: 2m 06s, Rate: 4.6e+00/s
2024-04-04 12:17:44,424 subsystems 0/36 INFO :: Building subproblem matrices 58/576 (~10%) Elapsed: 7s, Remaining: 1m 04s, Rate: 8.1e+00/s
2024-04-04 12:17:47,248 subsystems 0/36 INFO :: Building subproblem matrices 81/576 (~14%) Elapsed: 10s, Remaining: 1m 01s, Rate: 8.1e+00/s
2024-04-04 12:17:51,560 subsystems 0/36 INFO :: Building subproblem matrices 116/576 (~20%) Elapsed: 14s, Remaining: 57s, Rate: 8.1e+00/s
2024-04-04 12:17:57,258 subsystems 0/36 INFO :: Building subproblem matrices 163/576 (~28%) Elapsed: 20s, Remaining: 51s, Rate: 8.1e+00/s
2024-04-04 12:17:58,610 subsystems 0/36 INFO :: Building subproblem matrices 174/576 (~30%) Elapsed: 21s, Remaining: 49s, Rate: 8.1e+00/s
2024-04-04 12:18:05,839 subsystems 0/36 INFO :: Building subproblem matrices 232/576 (~40%) Elapsed: 29s, Remaining: 42s, Rate: 8.1e+00/s
2024-04-04 12:18:07,311 subsystems 0/36 INFO :: Building subproblem matrices 244/576 (~42%) Elapsed: 30s, Remaining: 41s, Rate: 8.1e+00/s
2024-04-04 12:18:13,074 subsystems 0/36 INFO :: Building subproblem matrices 290/576 (~50%) Elapsed: 36s, Remaining: 35s, Rate: 8.1e+00/s
2024-04-04 12:18:17,263 subsystems 0/36 INFO :: Building subproblem matrices 324/576 (~56%) Elapsed: 40s, Remaining: 31s, Rate: 8.1e+00/s
2024-04-04 12:18:20,215 subsystems 0/36 INFO :: Building subproblem matrices 348/576 (~60%) Elapsed: 43s, Remaining: 28s, Rate: 8.1e+00/s
2024-04-04 12:18:27,258 subsystems 0/36 INFO :: Building subproblem matrices 404/576 (~70%) Elapsed: 50s, Remaining: 21s, Rate: 8.1e+00/s
2024-04-04 12:18:27,505 subsystems 0/36 INFO :: Building subproblem matrices 406/576 (~70%) Elapsed: 50s, Remaining: 21s, Rate: 8.1e+00/s
2024-04-04 12:18:34,577 subsystems 0/36 INFO :: Building subproblem matrices 464/576 (~81%) Elapsed: 57s, Remaining: 14s, Rate: 8.1e+00/s
2024-04-04 12:18:37,275 subsystems 0/36 INFO :: Building subproblem matrices 486/576 (~84%) Elapsed: 1m 00s, Remaining: 11s, Rate: 8.1e+00/s
2024-04-04 12:18:41,889 subsystems 0/36 INFO :: Building subproblem matrices 522/576 (~91%) Elapsed: 1m 05s, Remaining: 7s, Rate: 8.1e+00/s
2024-04-04 12:18:47,255 subsystems 0/36 INFO :: Building subproblem matrices 565/576 (~98%) Elapsed: 1m 10s, Remaining: 1s, Rate: 8.1e+00/s
2024-04-04 12:18:48,707 subsystems 0/36 INFO :: Building subproblem matrices 576/576 (~100%) Elapsed: 1m 11s, Remaining: 0s, Rate: 8.1e+00/s
2024-04-04 12:18:54,502 __main__ 0/36 INFO :: Starting main loop
2024-04-04 12:19:02,786 __main__ 0/36 INFO :: Iteration=1, Time=1.250000e-01, dt=1.250000e-01, max(Re)=0.000000
2024-04-04 12:19:13,223 __main__ 0/36 INFO :: Iteration=11, Time=1.375000e+00, dt=1.250000e-01, max(Re)=0.096586
2024-04-04 12:19:22,613 __main__ 0/36 INFO :: Iteration=21, Time=2.625000e+00, dt=1.250000e-01, max(Re)=0.229842
2024-04-04 12:19:32,246 __main__ 0/36 INFO :: Iteration=31, Time=3.875000e+00, dt=1.250000e-01, max(Re)=0.706920
2024-04-04 12:19:41,840 __main__ 0/36 INFO :: Iteration=41, Time=5.125000e+00, dt=1.250000e-01, max(Re)=2.326382
2024-04-04 12:19:51,562 __main__ 0/36 INFO :: Iteration=51, Time=6.375000e+00, dt=1.250000e-01, max(Re)=8.066890
2024-04-04 12:20:00,960 __main__ 0/36 INFO :: Iteration=61, Time=7.625000e+00, dt=1.250000e-01, max(Re)=29.084368
2024-04-04 12:20:10,468 __main__ 0/36 INFO :: Iteration=71, Time=8.875000e+00, dt=1.250000e-01, max(Re)=114.617392
2024-04-04 12:20:20,073 __main__ 0/36 INFO :: Iteration=81, Time=1.012500e+01, dt=1.250000e-01, max(Re)=435.916200
2024-04-04 12:20:31,820 __main__ 0/36 INFO :: Iteration=91, Time=1.075000e+01, dt=6.250000e-02, max(Re)=744.496729
2024-04-04 12:20:43,688 __main__ 0/36 INFO :: Iteration=101, Time=1.106250e+01, dt=3.125000e-02, max(Re)=1214912420413690797494777117966855317703036758011665258838843457536.000000
2024-04-04 12:20:55,260 __main__ 0/36 INFO :: Iteration=111, Time=1.121875e+01, dt=1.562500e-02, max(Re)=nan
2024-04-04 12:21:04,478 __main__ 0/36 INFO :: Iteration=121, Time=1.137500e+01, dt=1.562500e-02, max(Re)=nan
2024-04-04 12:21:13,685 __main__ 0/36 INFO :: Iteration=131, Time=1.153125e+01, dt=1.562500e-02, max(Re)=nan
2024-04-04 12:21:22,912 __main__ 0/36 INFO :: Iteration=141, Time=1.168750e+01, dt=1.562500e-02, max(Re)=nan
2024-04-04 12:21:32,138 __main__ 0/36 INFO :: Iteration=151, Time=1.184375e+01, dt=1.562500e-02, max(Re)=nan
2024-04-04 12:21:41,360 __main__ 0/36 INFO :: Iteration=161, Time=1.200000e+01, dt=1.562500e-02, max(Re)=nan
2024-04-04 12:21:50,746 __main__ 0/36 INFO :: Iteration=171, Time=1.215625e+01, dt=1.562500e-02, max(Re)=nan
2024-04-04 12:21:59,970 __main__ 0/36 INFO :: Iteration=181, Time=1.231250e+01, dt=1.562500e-02, max(Re)=nan
2024-04-04 12:22:09,207 __main__ 0/36 INFO :: Iteration=191, Time=1.246875e+01, dt=1.562500e-02, max(Re)=nan
2024-04-04 12:22:18,558 __main__ 0/36 INFO :: Iteration=201, Time=1.262500e+01, dt=1.562500e-02, max(Re)=nan
2024-04-04 12:22:27,717 __main__ 0/36 INFO :: Iteration=211, Time=1.278125e+01, dt=1.562500e-02, max(Re)=nan
2024-04-04 12:22:36,834 __main__ 0/36 INFO :: Iteration=221, Time=1.293750e+01, dt=1.562500e-02, max(Re)=nan
2024-04-04 12:22:46,220 __main__ 0/36 INFO :: Iteration=231, Time=1.309375e+01, dt=1.562500e-02, max(Re)=nan
2024-04-04 12:22:55,425 __main__ 0/36 INFO :: Iteration=241, Time=1.325000e+01, dt=1.562500e-02, max(Re)=nan
2024-04-04 12:23:04,640 __main__ 0/36 INFO :: Iteration=251, Time=1.340625e+01, dt=1.562500e-02, max(Re)=nan
2024-04-04 12:23:13,849 __main__ 0/36 INFO :: Iteration=261, Time=1.356250e+01, dt=1.562500e-02, max(Re)=nan
2024-04-04 12:23:23,104 __main__ 0/36 INFO :: Iteration=271, Time=1.371875e+01, dt=1.562500e-02, max(Re)=nan
2024-04-04 12:23:32,254 __main__ 0/36 INFO :: Iteration=281, Time=1.387500e+01, dt=1.562500e-02, max(Re)=nan
2024-04-04 12:23:41,533 __main__ 0/36 INFO :: Iteration=291, Time=1.403125e+01, dt=1.562500e-02, max(Re)=nan
2024-04-04 12:23:50,796 __main__ 0/36 INFO :: Iteration=301, Time=1.418750e+01, dt=1.562500e-02, max(Re)=nan
2024-04-04 12:23:59,936 __main__ 0/36 INFO :: Iteration=311, Time=1.434375e+01, dt=1.562500e-02, max(Re)=nan
2024-04-04 12:24:09,057 __main__ 0/36 INFO :: Iteration=321, Time=1.450000e+01, dt=1.562500e-02, max(Re)=nan
2024-04-04 12:24:18,165 __main__ 0/36 INFO :: Iteration=331, Time=1.465625e+01, dt=1.562500e-02, max(Re)=nan
2024-04-04 12:24:27,303 __main__ 0/36 INFO :: Iteration=341, Time=1.481250e+01, dt=1.562500e-02, max(Re)=nan
2024-04-04 12:24:36,283 __main__ 0/36 INFO :: Iteration=351, Time=1.496875e+01, dt=1.562500e-02, max(Re)=nan
2024-04-04 12:24:45,663 __main__ 0/36 INFO :: Iteration=361, Time=1.512500e+01, dt=1.562500e-02, max(Re)=nan
2024-04-04 12:24:55,176 __main__ 0/36 INFO :: Iteration=371, Time=1.528125e+01, dt=1.562500e-02, max(Re)=nan
2024-04-04 12:25:04,422 __main__ 0/36 INFO :: Iteration=381, Time=1.543750e+01, dt=1.562500e-02, max(Re)=nan
2024-04-04 12:25:13,725 __main__ 0/36 INFO :: Iteration=391, Time=1.559375e+01, dt=1.562500e-02, max(Re)=nan
2024-04-04 12:25:23,069 __main__ 0/36 INFO :: Iteration=401, Time=1.575000e+01, dt=1.562500e-02, max(Re)=nan
2024-04-04 12:25:32,098 __main__ 0/36 INFO :: Iteration=411, Time=1.590625e+01, dt=1.562500e-02, max(Re)=nan
2024-04-04 12:25:41,498 __main__ 0/36 INFO :: Iteration=421, Time=1.606250e+01, dt=1.562500e-02, max(Re)=nan
2024-04-04 12:25:50,580 __main__ 0/36 INFO :: Iteration=431, Time=1.621875e+01, dt=1.562500e-02, max(Re)=nan
2024-04-04 12:25:59,934 __main__ 0/36 INFO :: Iteration=441, Time=1.637500e+01, dt=1.562500e-02, max(Re)=nan
2024-04-04 12:26:09,738 __main__ 0/36 INFO :: Iteration=451, Time=1.653125e+01, dt=1.562500e-02, max(Re)=nan
2024-04-04 12:26:19,219 __main__ 0/36 INFO :: Iteration=461, Time=1.668750e+01, dt=1.562500e-02, max(Re)=nan
2024-04-04 12:26:28,372 __main__ 0/36 INFO :: Iteration=471, Time=1.684375e+01, dt=1.562500e-02, max(Re)=nan
2024-04-04 12:26:37,354 __main__ 0/36 INFO :: Iteration=481, Time=1.700000e+01, dt=1.562500e-02, max(Re)=nan
2024-04-04 12:26:47,035 __main__ 0/36 INFO :: Iteration=491, Time=1.715625e+01, dt=1.562500e-02, max(Re)=nan
2024-04-04 12:26:56,672 __main__ 0/36 INFO :: Iteration=501, Time=1.731250e+01, dt=1.562500e-02, max(Re)=nan
2024-04-04 12:27:06,175 __main__ 0/36 INFO :: Iteration=511, Time=1.746875e+01, dt=1.562500e-02, max(Re)=nan
2024-04-04 12:27:15,425 __main__ 0/36 INFO :: Iteration=521, Time=1.762500e+01, dt=1.562500e-02, max(Re)=nan
2024-04-04 12:27:24,986 __main__ 0/36 INFO :: Iteration=531, Time=1.778125e+01, dt=1.562500e-02, max(Re)=nan
2024-04-04 12:27:33,989 __main__ 0/36 INFO :: Iteration=541, Time=1.793750e+01, dt=1.562500e-02, max(Re)=nan
2024-04-04 12:27:43,346 __main__ 0/36 INFO :: Iteration=551, Time=1.809375e+01, dt=1.562500e-02, max(Re)=nan
2024-04-04 12:27:52,836 __main__ 0/36 INFO :: Iteration=561, Time=1.825000e+01, dt=1.562500e-02, max(Re)=nan
2024-04-04 12:28:01,951 __main__ 0/36 INFO :: Iteration=571, Time=1.840625e+01, dt=1.562500e-02, max(Re)=nan
2024-04-04 12:28:11,072 __main__ 0/36 INFO :: Iteration=581, Time=1.856250e+01, dt=1.562500e-02, max(Re)=nan
2024-04-04 12:28:20,686 __main__ 0/36 INFO :: Iteration=591, Time=1.871875e+01, dt=1.562500e-02, max(Re)=nan
2024-04-04 12:28:29,948 __main__ 0/36 INFO :: Iteration=601, Time=1.887500e+01, dt=1.562500e-02, max(Re)=nan
2024-04-04 12:28:39,679 __main__ 0/36 INFO :: Iteration=611, Time=1.903125e+01, dt=1.562500e-02, max(Re)=nan
2024-04-04 12:28:48,949 __main__ 0/36 INFO :: Iteration=621, Time=1.918750e+01, dt=1.562500e-02, max(Re)=nan
2024-04-04 12:28:58,343 __main__ 0/36 INFO :: Iteration=631, Time=1.934375e+01, dt=1.562500e-02, max(Re)=nan
2024-04-04 12:29:07,666 __main__ 0/36 INFO :: Iteration=641, Time=1.950000e+01, dt=1.562500e-02, max(Re)=nan
2024-04-04 12:29:16,823 __main__ 0/36 INFO :: Iteration=651, Time=1.965625e+01, dt=1.562500e-02, max(Re)=nan
2024-04-04 12:29:26,237 __main__ 0/36 INFO :: Iteration=661, Time=1.981250e+01, dt=1.562500e-02, max(Re)=nan
2024-04-04 12:29:35,369 __main__ 0/36 INFO :: Iteration=671, Time=1.996875e+01, dt=1.562500e-02, max(Re)=nan
2024-04-04 12:29:37,360 solvers 0/36 INFO :: Simulation stop time reached.
2024-04-04 12:29:37,360 solvers 0/36 INFO :: Final iteration: 673
2024-04-04 12:29:37,361 solvers 0/36 INFO :: Final sim time: 20.0
1000000.0
2000000.0
1000000.0
2000000.0
1000000.0
2000000.0
2024-04-04 12:29:37,361 solvers 0/36 INFO :: Setup time (init - iter 0): 78.82 sec
1000000.0
2000000.0
1000000.0
2000000.0
1000000.0
2000000.0
1000000.0
2000000.0
1000000.0
2000000.0
1000000.0
2000000.0
1000000.0
2000000.0
1000000.0
2000000.0
1000000.0
2000000.0
1000000.0
2000000.0
1000000.0
2000000.0
1000000.0
2000000.0
1000000.0
2000000.0
1000000.0
2000000.0
1000000.0
2000000.0
1000000.0
2000000.0
1000000.0
2000000.0
1000000.0
2000000.0
1000000.0
2000000.0
1000000.0
2000000.0
2024-04-04 12:29:37,361 solvers 0/36 INFO :: Warmup time (iter 0-10): 15.37 sec
2024-04-04 12:29:37,361 solvers 0/36 INFO :: Run time (iter 10-end): 626 sec
2024-04-04 12:29:37,361 solvers 0/36 INFO :: CPU time (iter 10-end): 6.26 cpu-hr
2024-04-04 12:29:37,361 solvers 0/36 INFO :: Speed: 9.79e+05 mode-stages/cpu-sec
1000000.0
2000000.0
1000000.0
2000000.0
1000000.0
2000000.0
1000000.0
2000000.0
1000000.0
2000000.0
1000000.0
2000000.0
1000000.0
2000000.0
1000000.0
2000000.0
1000000.0
2000000.0
1000000.0
2000000.0
1000000.0
2000000.0
1000000.0
2000000.0
